<?xml version="1.0" encoding="UTF-8"?>
<!-- Generated by org.testng.reporters.JUnitReportReporter -->
<testsuite hostname="DESKTOP-HLF1SQE" failures="0" tests="1" name="com.PageObjectModel.LoginTestCase" time="14.564" errors="0" timestamp="2023-01-19T15:31:50 IST" skipped="0">
  <testcase classname="com.PageObjectModel.LoginTestCase" name="Login" time="14.564"/>
  <system-out/>
</testsuite> <!-- com.PageObjectModel.LoginTestCase -->
