<?xml version="1.0" encoding="UTF-8"?>
<!-- Generated by org.testng.reporters.JUnitReportReporter -->
<testsuite hostname="DESKTOP-HLF1SQE" failures="0" tests="1" name="com.TestCases.LoginTestCaseNEW" time="12.354" errors="0" timestamp="2023-01-19T16:21:37 IST" skipped="0">
  <testcase classname="com.TestCases.LoginTestCaseNEW" name="Login" time="12.354"/>
  <system-out/>
</testsuite> <!-- com.TestCases.LoginTestCaseNEW -->
