<?xml version="1.0" encoding="UTF-8"?>
<!-- Generated by org.testng.reporters.JUnitReportReporter -->
<testsuite hostname="DESKTOP-HLF1SQE" failures="0" tests="1" name="com.TestCases.LoginTestCase" time="13.348" errors="0" timestamp="2023-01-19T15:40:03 IST" skipped="0">
  <testcase classname="com.TestCases.LoginTestCase" name="Login" time="13.348"/>
  <system-out/>
</testsuite> <!-- com.TestCases.LoginTestCase -->
